Assembler report for sno_16MHz
Sun Sep 20 15:04:14 2020
Quartus Prime Version 17.1.0 Build 590 10/25/2017 SJ Lite Edition


---------------------
; Table of Contents ;
---------------------
  1. Legal Notice
  2. Assembler Summary
  3. Assembler Settings
  4. Assembler Encrypted IP Cores Summary
  5. Assembler Generated Files
  6. Assembler Device Options: C:/Users/pc235/Documents/Arduino/libraries/XLR8Build/extras/quartus/output_files/sno_16MHz.sof
  7. Assembler Messages



----------------
; Legal Notice ;
----------------
Copyright (C) 2017  Intel Corporation. All rights reserved.
Your use of Intel Corporation's design tools, logic functions 
and other software and tools, and its AMPP partner logic 
functions, and any output files from any of the foregoing 
(including device programming or simulation files), and any 
associated documentation or information are expressly subject 
to the terms and conditions of the Intel Program License 
Subscription Agreement, the Intel Quartus Prime License Agreement,
the Intel FPGA IP License Agreement, or other applicable license
agreement, including, without limitation, that your use is for
the sole purpose of programming logic devices manufactured by
Intel and sold by Intel or its authorized distributors.  Please
refer to the applicable agreement for further details.



+---------------------------------------------------------------+
; Assembler Summary                                             ;
+-----------------------+---------------------------------------+
; Assembler Status      ; Successful - Sun Sep 20 15:04:14 2020 ;
; Revision Name         ; sno_16MHz                             ;
; Top-level Entity Name ; xlr8_alorium_top                      ;
; Family                ; MAX 10                                ;
; Device                ; 10M16SAU169C8G                        ;
+-----------------------+---------------------------------------+


+----------------------------------+
; Assembler Settings               ;
+--------+---------+---------------+
; Option ; Setting ; Default Value ;
+--------+---------+---------------+


+---------------------------------------------+
; Assembler Encrypted IP Cores Summary        ;
+--------+---------------------+--------------+
; Vendor ; IP Core Name        ; License Type ;
+--------+---------------------+--------------+
; Altera ; Unknown (6AF7 2013) ; Licensed     ;
; Altera ; Unknown (6AF7 FFFF) ; Licensed     ;
+--------+---------------------+--------------+


+------------------------------------------------------------------------------------------------+
; Assembler Generated Files                                                                      ;
+------------------------------------------------------------------------------------------------+
; File Name                                                                                      ;
+------------------------------------------------------------------------------------------------+
; C:/Users/pc235/Documents/Arduino/libraries/XLR8Build/extras/quartus/output_files/sno_16MHz.sof ;
+------------------------------------------------------------------------------------------------+


+--------------------------------------------------------------------------------------------------------------------------+
; Assembler Device Options: C:/Users/pc235/Documents/Arduino/libraries/XLR8Build/extras/quartus/output_files/sno_16MHz.sof ;
+----------------+---------------------------------------------------------------------------------------------------------+
; Option         ; Setting                                                                                                 ;
+----------------+---------------------------------------------------------------------------------------------------------+
; JTAG usercode  ; 0x00847139                                                                                              ;
; Checksum       ; 0x00847139                                                                                              ;
+----------------+---------------------------------------------------------------------------------------------------------+


+--------------------+
; Assembler Messages ;
+--------------------+
Info: *******************************************************************
Info: Running Quartus Prime Assembler
    Info: Version 17.1.0 Build 590 10/25/2017 SJ Lite Edition
    Info: Processing started: Sun Sep 20 15:04:12 2020
Info: Command: quartus_asm --read_settings_files=off --write_settings_files=off sno_top -c sno_16MHz
Warning (18236): Number of processors has not been specified which may cause overloading on shared machines.  Set the global assignment NUM_PARALLEL_PROCESSORS in your QSF to an appropriate value for best performance.
Info (115031): Writing out detailed assembly data for power analysis
Info (115030): Assembler is generating device programming files
Info: Quartus Prime Assembler was successful. 0 errors, 1 warning
    Info: Peak virtual memory: 4717 megabytes
    Info: Processing ended: Sun Sep 20 15:04:14 2020
    Info: Elapsed time: 00:00:02
    Info: Total CPU time (on all processors): 00:00:02


